<?xml version="1.0" encoding="UTF-8"?>
<!-- Generated by org.testng.reporters.JUnitReportReporter -->
<testsuite hostname="010223HP840G564" failures="0" tests="1" name="com.ep.cucumber.runner.RunnerClass" time="27.466" errors="0" timestamp="2023-07-05T15:12:32 IST" skipped="0">
  <testcase classname="com.ep.cucumber.runner.RunnerClass" name="runScenario" time="27.466"/>
  <system-out/>
</testsuite> <!-- com.ep.cucumber.runner.RunnerClass -->
