<?xml version="1.0" encoding="UTF-8"?>
<!-- Generated by org.testng.reporters.JUnitReportReporter -->
<testsuite hostname="010223HP840G564" failures="0" tests="1" name="com.ep.cucumber.runner.RunnerClass7" time="35.795" errors="0" timestamp="2023-08-01T10:40:31 IST" skipped="0">
  <testcase classname="com.ep.cucumber.runner.RunnerClass7" name="runScenario" time="35.795"/>
  <system-out/>
</testsuite> <!-- com.ep.cucumber.runner.RunnerClass7 -->
