<?xml version="1.0" encoding="UTF-8"?>
<!-- Generated by org.testng.reporters.JUnitReportReporter -->
<testsuite hostname="010223HP840G564" failures="0" tests="1" name="com.ep.cucumber.runner.RunnerClass4" time="34.995" errors="0" timestamp="2023-08-01T10:40:31 IST" skipped="0">
  <testcase classname="com.ep.cucumber.runner.RunnerClass4" name="runScenario" time="34.995"/>
  <system-out/>
</testsuite> <!-- com.ep.cucumber.runner.RunnerClass4 -->
