<?xml version="1.0" encoding="UTF-8"?>
<!-- Generated by org.testng.reporters.JUnitReportReporter -->
<testsuite hostname="010223HP840G564" failures="0" tests="1" name="com.ep.cucumber.runner.RunnerClass3" time="35.279" errors="0" timestamp="2023-08-01T10:56:57 IST" skipped="0">
  <testcase classname="com.ep.cucumber.runner.RunnerClass3" name="runScenario" time="35.279"/>
  <system-out/>
</testsuite> <!-- com.ep.cucumber.runner.RunnerClass3 -->
